Determining if the function clock_gettime exists in the rt failed with the following output:
Change Dir: /Users/bengotow/Work/F376/Projects/Mailspring/client/mailsync/Vendor/bctoolbox-master/CMakeFiles/CMakeTmp

Run Build Command:"/usr/bin/make" "cmTC_5027e/fast"
/Applications/Xcode.app/Contents/Developer/usr/bin/make -f CMakeFiles/cmTC_5027e.dir/build.make CMakeFiles/cmTC_5027e.dir/build
Building C object CMakeFiles/cmTC_5027e.dir/CheckFunctionExists.c.o
/Applications/Xcode.app/Contents/Developer/Toolchains/XcodeDefault.xctoolchain/usr/bin/cc   -DCHECK_FUNCTION_EXISTS=clock_gettime -isysroot /Applications/Xcode.app/Contents/Developer/Platforms/MacOSX.platform/Developer/SDKs/MacOSX10.15.sdk -mmacosx-version-min=10.14   -o CMakeFiles/cmTC_5027e.dir/CheckFunctionExists.c.o   -c /usr/local/Cellar/cmake/3.8.1/share/cmake/Modules/CheckFunctionExists.c
Linking C executable cmTC_5027e
/usr/local/Cellar/cmake/3.8.1/bin/cmake -E cmake_link_script CMakeFiles/cmTC_5027e.dir/link.txt --verbose=1
/Applications/Xcode.app/Contents/Developer/Toolchains/XcodeDefault.xctoolchain/usr/bin/cc  -DCHECK_FUNCTION_EXISTS=clock_gettime -isysroot /Applications/Xcode.app/Contents/Developer/Platforms/MacOSX.platform/Developer/SDKs/MacOSX10.15.sdk -mmacosx-version-min=10.14 -Wl,-search_paths_first -Wl,-headerpad_max_install_names   CMakeFiles/cmTC_5027e.dir/CheckFunctionExists.c.o  -o cmTC_5027e -lrt 
ld: library not found for -lrt
clang: error: linker command failed with exit code 1 (use -v to see invocation)
make[1]: *** [cmTC_5027e] Error 1
make: *** [cmTC_5027e/fast] Error 2


Determining if the pthread_create exist failed with the following output:
Change Dir: /home/bengotow/Mailspring/mailsync/Vendor/bctoolbox-master/CMakeFiles/CMakeTmp

Run Build Command:"/usr/bin/make" "cmTryCompileExec1833140299/fast"
/usr/bin/make -f CMakeFiles/cmTryCompileExec1833140299.dir/build.make CMakeFiles/cmTryCompileExec1833140299.dir/build
make[1]: Entering directory `/home/bengotow/Mailspring/mailsync/Vendor/bctoolbox-master/CMakeFiles/CMakeTmp'
/usr/local/bin/cmake -E cmake_progress_report /home/bengotow/Mailspring/mailsync/Vendor/bctoolbox-master/CMakeFiles/CMakeTmp/CMakeFiles 1
Building C object CMakeFiles/cmTryCompileExec1833140299.dir/CheckSymbolExists.c.o
/usr/bin/cc    -o CMakeFiles/cmTryCompileExec1833140299.dir/CheckSymbolExists.c.o   -c /home/bengotow/Mailspring/mailsync/Vendor/bctoolbox-master/CMakeFiles/CMakeTmp/CheckSymbolExists.c
Linking C executable cmTryCompileExec1833140299
/usr/local/bin/cmake -E cmake_link_script CMakeFiles/cmTryCompileExec1833140299.dir/link.txt --verbose=1
/usr/bin/cc       CMakeFiles/cmTryCompileExec1833140299.dir/CheckSymbolExists.c.o  -o cmTryCompileExec1833140299 -rdynamic 
CMakeFiles/cmTryCompileExec1833140299.dir/CheckSymbolExists.c.o: In function `main':
CheckSymbolExists.c:(.text+0xa): undefined reference to `pthread_create'
collect2: error: ld returned 1 exit status
make[1]: Leaving directory `/home/bengotow/Mailspring/mailsync/Vendor/bctoolbox-master/CMakeFiles/CMakeTmp'
make[1]: *** [cmTryCompileExec1833140299] Error 1
make: *** [cmTryCompileExec1833140299/fast] Error 2

File /home/bengotow/Mailspring/mailsync/Vendor/bctoolbox-master/CMakeFiles/CMakeTmp/CheckSymbolExists.c:
/* */
#include <pthread.h>

int main(int argc, char** argv)
{
  (void)argv;
#ifndef pthread_create
  return ((int*)(&pthread_create))[argc];
#else
  (void)argc;
  return 0;
#endif
}

Determining if the function pthread_create exists in the pthreads failed with the following output:
Change Dir: /home/bengotow/Mailspring/mailsync/Vendor/bctoolbox-master/CMakeFiles/CMakeTmp

Run Build Command:"/usr/bin/make" "cmTryCompileExec804879942/fast"
/usr/bin/make -f CMakeFiles/cmTryCompileExec804879942.dir/build.make CMakeFiles/cmTryCompileExec804879942.dir/build
make[1]: Entering directory `/home/bengotow/Mailspring/mailsync/Vendor/bctoolbox-master/CMakeFiles/CMakeTmp'
/usr/local/bin/cmake -E cmake_progress_report /home/bengotow/Mailspring/mailsync/Vendor/bctoolbox-master/CMakeFiles/CMakeTmp/CMakeFiles 1
Building C object CMakeFiles/cmTryCompileExec804879942.dir/CheckFunctionExists.c.o
/usr/bin/cc   -DCHECK_FUNCTION_EXISTS=pthread_create   -o CMakeFiles/cmTryCompileExec804879942.dir/CheckFunctionExists.c.o   -c /usr/local/share/cmake-3.2/Modules/CheckFunctionExists.c
Linking C executable cmTryCompileExec804879942
/usr/local/bin/cmake -E cmake_link_script CMakeFiles/cmTryCompileExec804879942.dir/link.txt --verbose=1
/usr/bin/cc   -DCHECK_FUNCTION_EXISTS=pthread_create    CMakeFiles/cmTryCompileExec804879942.dir/CheckFunctionExists.c.o  -o cmTryCompileExec804879942 -rdynamic -lpthreads 
/usr/bin/ld: cannot find -lpthreads
make[1]: Leaving directory `/home/bengotow/Mailspring/mailsync/Vendor/bctoolbox-master/CMakeFiles/CMakeTmp'
collect2: error: ld returned 1 exit status
make[1]: *** [cmTryCompileExec804879942] Error 1
make: *** [cmTryCompileExec804879942/fast] Error 2


Determining if the pthread_create exist failed with the following output:
Change Dir: /home/bengotow/Mailspring/mailsync/Vendor/bctoolbox-master/CMakeFiles/CMakeTmp

Run Build Command:"/usr/bin/make" "cmTryCompileExec3664546888/fast"
/usr/bin/make -f CMakeFiles/cmTryCompileExec3664546888.dir/build.make CMakeFiles/cmTryCompileExec3664546888.dir/build
make[1]: Entering directory `/home/bengotow/Mailspring/mailsync/Vendor/bctoolbox-master/CMakeFiles/CMakeTmp'
/usr/local/bin/cmake -E cmake_progress_report /home/bengotow/Mailspring/mailsync/Vendor/bctoolbox-master/CMakeFiles/CMakeTmp/CMakeFiles 1
Building C object CMakeFiles/cmTryCompileExec3664546888.dir/CheckSymbolExists.c.o
/usr/bin/cc    -o CMakeFiles/cmTryCompileExec3664546888.dir/CheckSymbolExists.c.o   -c /home/bengotow/Mailspring/mailsync/Vendor/bctoolbox-master/CMakeFiles/CMakeTmp/CheckSymbolExists.c
Linking C executable cmTryCompileExec3664546888
/usr/local/bin/cmake -E cmake_link_script CMakeFiles/cmTryCompileExec3664546888.dir/link.txt --verbose=1
/usr/bin/cc       CMakeFiles/cmTryCompileExec3664546888.dir/CheckSymbolExists.c.o  -o cmTryCompileExec3664546888 -rdynamic 
CMakeFiles/cmTryCompileExec3664546888.dir/CheckSymbolExists.c.o: In function `main':
CheckSymbolExists.c:(.text+0xa): undefined reference to `pthread_create'
collect2: error: ld returned 1 exit status
make[1]: Leaving directory `/home/bengotow/Mailspring/mailsync/Vendor/bctoolbox-master/CMakeFiles/CMakeTmp'
make[1]: *** [cmTryCompileExec3664546888] Error 1
make: *** [cmTryCompileExec3664546888/fast] Error 2

File /home/bengotow/Mailspring/mailsync/Vendor/bctoolbox-master/CMakeFiles/CMakeTmp/CheckSymbolExists.c:
/* */
#include <pthread.h>

int main(int argc, char** argv)
{
  (void)argv;
#ifndef pthread_create
  return ((int*)(&pthread_create))[argc];
#else
  (void)argc;
  return 0;
#endif
}

Determining if the function pthread_create exists in the pthreads failed with the following output:
Change Dir: /home/bengotow/Mailspring/mailsync/Vendor/bctoolbox-master/CMakeFiles/CMakeTmp

Run Build Command:"/usr/bin/make" "cmTryCompileExec543007318/fast"
/usr/bin/make -f CMakeFiles/cmTryCompileExec543007318.dir/build.make CMakeFiles/cmTryCompileExec543007318.dir/build
make[1]: Entering directory `/home/bengotow/Mailspring/mailsync/Vendor/bctoolbox-master/CMakeFiles/CMakeTmp'
/usr/local/bin/cmake -E cmake_progress_report /home/bengotow/Mailspring/mailsync/Vendor/bctoolbox-master/CMakeFiles/CMakeTmp/CMakeFiles 1
Building C object CMakeFiles/cmTryCompileExec543007318.dir/CheckFunctionExists.c.o
/usr/bin/cc   -DCHECK_FUNCTION_EXISTS=pthread_create   -o CMakeFiles/cmTryCompileExec543007318.dir/CheckFunctionExists.c.o   -c /usr/local/share/cmake-3.2/Modules/CheckFunctionExists.c
Linking C executable cmTryCompileExec543007318
/usr/local/bin/cmake -E cmake_link_script CMakeFiles/cmTryCompileExec543007318.dir/link.txt --verbose=1
/usr/bin/cc   -DCHECK_FUNCTION_EXISTS=pthread_create    CMakeFiles/cmTryCompileExec543007318.dir/CheckFunctionExists.c.o  -o cmTryCompileExec543007318 -rdynamic -lpthreads 
/usr/bin/ld: cannot find -lpthreads
collect2: error: ld returned 1 exit status
make[1]: Leaving directory `/home/bengotow/Mailspring/mailsync/Vendor/bctoolbox-master/CMakeFiles/CMakeTmp'
make[1]: *** [cmTryCompileExec543007318] Error 1
make: *** [cmTryCompileExec543007318/fast] Error 2


